# JRE version: OpenJDK Runtime Environment Microsoft-40648 (11.0.16.1+1) (build 11.0.16.1+1-LTS)
# Java VM: OpenJDK 64-Bit Server VM Microsoft-40648 (11.0.16.1+1-LTS, mixed mode, tiered, compressed oops, g1 gc, windows-amd64)
Heap:
 garbage-first heap   total 458752K, used 172341K [0x00000000c0000000, 0x0000000100000000)
  region size 1024K, 17 young (17408K), 15 survivors (15360K)
 Metaspace       used 15115K, capacity 15387K, committed 15488K, reserved 1062912K
  class space    used 1516K, capacity 1615K, committed 1664K, reserved 1048576K
GC Heap History (20 events):
Event: 1.982 GC heap before
{Heap before GC invocations=6 (full 0):
 garbage-first heap   total 129024K, used 87040K [0x00000000c0000000, 0x0000000100000000)
  region size 1024K, 47 young (48128K), 6 survivors (6144K)
 Metaspace       used 13300K, capacity 13495K, committed 13696K, reserved 1060864K
  class space    used 1295K, capacity 1383K, committed 1408K, reserved 1048576K
}
Event: 1.994 GC heap after
{Heap after GC invocations=7 (full 0):
 garbage-first heap   total 129024K, used 56320K [0x00000000c0000000, 0x0000000100000000)
  region size 1024K, 6 young (6144K), 6 survivors (6144K)
 Metaspace       used 13300K, capacity 13495K, committed 13696K, reserved 1060864K
  class space    used 1295K, capacity 1383K, committed 1408K, reserved 1048576K
}
Event: 2.113 GC heap before
{Heap before GC invocations=7 (full 0):
 garbage-first heap   total 129024K, used 91136K [0x00000000c0000000, 0x0000000100000000)
  region size 1024K, 41 young (41984K), 6 survivors (6144K)
 Metaspace       used 13565K, capacity 13774K, committed 14080K, reserved 1062912K
  class space    used 1320K, capacity 1433K, committed 1536K, reserved 1048576K
}
Event: 2.139 GC heap after
{Heap after GC invocations=8 (full 0):
 garbage-first heap   total 155648K, used 66560K [0x00000000c0000000, 0x0000000100000000)
  region size 1024K, 6 young (6144K), 6 survivors (6144K)
 Metaspace       used 13565K, capacity 13774K, committed 14080K, reserved 1062912K
  class space    used 1320K, capacity 1433K, committed 1536K, reserved 1048576K
}
Event: 2.202 GC heap before
{Heap before GC invocations=8 (full 0):
 garbage-first heap   total 155648K, used 88064K [0x00000000c0000000, 0x0000000100000000)
  region size 1024K, 28 young (28672K), 6 survivors (6144K)
 Metaspace       used 13585K, capacity 13838K, committed 14080K, reserved 1062912K
  class space    used 1322K, capacity 1433K, committed 1536K, reserved 1048576K
}
Event: 2.224 GC heap after
{Heap after GC invocations=9 (full 0):
 garbage-first heap   total 155648K, used 71168K [0x00000000c0000000, 0x0000000100000000)
  region size 1024K, 4 young (4096K), 4 survivors (4096K)
 Metaspace       used 13585K, capacity 13838K, committed 14080K, reserved 1062912K
  class space    used 1322K, capacity 1433K, committed 1536K, reserved 1048576K
}
Event: 2.483 GC heap before
{Heap before GC invocations=9 (full 0):
 garbage-first heap   total 155648K, used 107008K [0x00000000c0000000, 0x0000000100000000)
  region size 1024K, 39 young (39936K), 4 survivors (4096K)
 Metaspace       used 13649K, capacity 13906K, committed 14080K, reserved 1062912K
  class space    used 1322K, capacity 1433K, committed 1536K, reserved 1048576K
}
Event: 2.513 GC heap after
{Heap after GC invocations=10 (full 0):
 garbage-first heap   total 155648K, used 78717K [0x00000000c0000000, 0x0000000100000000)
  region size 1024K, 5 young (5120K), 5 survivors (5120K)
 Metaspace       used 13649K, capacity 13906K, committed 14080K, reserved 1062912K
  class space    used 1322K, capacity 1433K, committed 1536K, reserved 1048576K
}
Event: 2.583 GC heap before
{Heap before GC invocations=10 (full 0):
 garbage-first heap   total 155648K, used 112509K [0x00000000c0000000, 0x0000000100000000)
  region size 1024K, 38 young (38912K), 5 survivors (5120K)
 Metaspace       used 13657K, capacity 13909K, committed 14080K, reserved 1062912K
  class space    used 1322K, capacity 1433K, committed 1536K, reserved 1048576K
}
Event: 2.609 GC heap after
{Heap after GC invocations=11 (full 0):
 garbage-first heap   total 155648K, used 86862K [0x00000000c0000000, 0x0000000100000000)
  region size 1024K, 5 young (5120K), 5 survivors (5120K)
 Metaspace       used 13657K, capacity 13909K, committed 14080K, reserved 1062912K
  class space    used 1322K, capacity 1433K, committed 1536K, reserved 1048576K
}
Event: 2.679 GC heap before
{Heap before GC invocations=11 (full 0):
 garbage-first heap   total 155648K, used 117582K [0x00000000c0000000, 0x0000000100000000)
  region size 1024K, 35 young (35840K), 5 survivors (5120K)
 Metaspace       used 13661K, capacity 13909K, committed 14080K, reserved 1062912K
  class space    used 1322K, capacity 1433K, committed 1536K, reserved 1048576K
}
Event: 2.708 GC heap after
{Heap after GC invocations=12 (full 0):
 garbage-first heap   total 311296K, used 94112K [0x00000000c0000000, 0x0000000100000000)
  region size 1024K, 5 young (5120K), 5 survivors (5120K)
 Metaspace       used 13661K, capacity 13909K, committed 14080K, reserved 1062912K
  class space    used 1322K, capacity 1433K, committed 1536K, reserved 1048576K
}
Event: 2.966 GC heap before
{Heap before GC invocations=13 (full 0):
 garbage-first heap   total 311296K, used 172960K [0x00000000c0000000, 0x0000000100000000)
  region size 1024K, 78 young (79872K), 5 survivors (5120K)
 Metaspace       used 13573K, capacity 13770K, committed 14080K, reserved 1062912K
  class space    used 1291K, capacity 1375K, committed 1536K, reserved 1048576K
}
Event: 3.001 GC heap after
{Heap after GC invocations=14 (full 0):
 garbage-first heap   total 311296K, used 114443K [0x00000000c0000000, 0x0000000100000000)
  region size 1024K, 10 young (10240K), 10 survivors (10240K)
 Metaspace       used 13573K, capacity 13770K, committed 14080K, reserved 1062912K
  class space    used 1291K, capacity 1375K, committed 1536K, reserved 1048576K
}
Event: 3.126 GC heap before
{Heap before GC invocations=14 (full 0):
 garbage-first heap   total 311296K, used 149259K [0x00000000c0000000, 0x0000000100000000)
  region size 1024K, 44 young (45056K), 10 survivors (10240K)
 Metaspace       used 13935K, capacity 14179K, committed 14336K, reserved 1062912K
  class space    used 1352K, capacity 1447K, committed 1536K, reserved 1048576K
}
Event: 3.152 GC heap after
{Heap after GC invocations=15 (full 0):
 garbage-first heap   total 311296K, used 122676K [0x00000000c0000000, 0x0000000100000000)
  region size 1024K, 6 young (6144K), 6 survivors (6144K)
 Metaspace       used 13935K, capacity 14179K, committed 14336K, reserved 1062912K
  class space    used 1352K, capacity 1447K, committed 1536K, reserved 1048576K
}
Event: 3.435 GC heap before
{Heap before GC invocations=15 (full 0):
 garbage-first heap   total 311296K, used 192308K [0x00000000c0000000, 0x0000000100000000)
  region size 1024K, 74 young (75776K), 6 survivors (6144K)
 Metaspace       used 15110K, capacity 15386K, committed 15488K, reserved 1062912K
  class space    used 1516K, capacity 1615K, committed 1664K, reserved 1048576K
}
Event: 3.450 GC heap after
{Heap after GC invocations=16 (full 0):
 garbage-first heap   total 311296K, used 136153K [0x00000000c0000000, 0x0000000100000000)
  region size 1024K, 10 young (10240K), 10 survivors (10240K)
 Metaspace       used 15110K, capacity 15386K, committed 15488K, reserved 1062912K
  class space    used 1516K, capacity 1615K, committed 1664K, reserved 1048576K
}
Event: 3.528 GC heap before
{Heap before GC invocations=16 (full 0):
 garbage-first heap   total 311296K, used 207833K [0x00000000c0000000, 0x0000000100000000)
  region size 1024K, 80 young (81920K), 10 survivors (10240K)
 Metaspace       used 15114K, capacity 15386K, committed 15488K, reserved 1062912K
  class space    used 1516K, capacity 1615K, committed 1664K, reserved 1048576K
}
Event: 3.550 GC heap after
{Heap after GC invocations=17 (full 0):
 garbage-first heap   total 458752K, used 150269K [0x00000000c0000000, 0x0000000100000000)
  region size 1024K, 10 young (10240K), 10 survivors (10240K)
 Metaspace       used 15114K, capacity 15386K, committed 15488K, reserved 1062912K
  class space    used 1516K, capacity 1615K, committed 1664K, reserved 1048576K
}

